<?xml version="1.0" encoding="UTF-8"?>
<testsuite xmlns:xsi="http://www.w3.org/2001/XMLSchema-instance" xsi:noNamespaceSchemaLocation="https://maven.apache.org/surefire/maven-surefire-plugin/xsd/surefire-test-report-3.0.xsd" version="3.0" name="GameLogicTest" time="0.204" tests="6" errors="0" skipped="0" failures="0">
  <properties>
[...]
</properties>
  <testcase name="testClearCells" classname="GameLogicTest" time="0.073"/>
  <testcase name="testSetAndGetCell" classname="GameLogicTest" time="0.001"/>
  <testcase name="testInitialState" classname="GameLogicTest" time="0.051"/>
  <testcase name="testBoundaryConditions" classname="GameLogicTest" time="0.029"/>
  <testcase name="testConwayRules" classname="GameLogicTest" time="0.022"/>
  <testcase name="testCustomRules" classname="GameLogicTest" time="0.024"/>
</testsuite>